Symlinking /home/evil/catkin_ws/devel/include/pkg_ros_actions/myActionMsgActionResult.h
Symlinking /home/evil/catkin_ws/devel/include/pkg_ros_actions/myActionMsgGoal.h
Symlinking /home/evil/catkin_ws/devel/include/pkg_ros_actions/myActionMsgFeedback.h
Symlinking /home/evil/catkin_ws/devel/include/pkg_ros_actions/myActionMsgAction.h
Symlinking /home/evil/catkin_ws/devel/include/pkg_ros_actions/myActionMsgActionGoal.h
Symlinking /home/evil/catkin_ws/devel/include/pkg_ros_actions/myActionMsgResult.h
Symlinking /home/evil/catkin_ws/devel/include/pkg_ros_actions/myActionMsgActionFeedback.h
Symlinking /home/evil/catkin_ws/devel/share/pkg_ros_actions/msg/myActionMsgActionGoal.msg
Symlinking /home/evil/catkin_ws/devel/share/pkg_ros_actions/msg/myActionMsgActionFeedback.msg
Symlinking /home/evil/catkin_ws/devel/share/pkg_ros_actions/msg/myActionMsgGoal.msg
Symlinking /home/evil/catkin_ws/devel/share/pkg_ros_actions/msg/myActionMsgResult.msg
Symlinking /home/evil/catkin_ws/devel/share/pkg_ros_actions/msg/myActionMsgFeedback.msg
Symlinking /home/evil/catkin_ws/devel/share/pkg_ros_actions/msg/myActionMsgAction.msg
Symlinking /home/evil/catkin_ws/devel/share/pkg_ros_actions/msg/myActionMsgActionResult.msg
Symlinking /home/evil/catkin_ws/devel/share/pkg_ros_actions/cmake/pkg_ros_actions-msg-extras.cmake
Symlinking /home/evil/catkin_ws/devel/share/pkg_ros_actions/cmake/pkg_ros_actionsConfig.cmake
Symlinking /home/evil/catkin_ws/devel/share/pkg_ros_actions/cmake/pkg_ros_actionsConfig-version.cmake
Symlinking /home/evil/catkin_ws/devel/share/pkg_ros_actions/cmake/pkg_ros_actions-msg-paths.cmake
Symlinking /home/evil/catkin_ws/devel/share/common-lisp/ros/pkg_ros_actions/msg/myActionMsgActionResult.lisp
Symlinking /home/evil/catkin_ws/devel/share/common-lisp/ros/pkg_ros_actions/msg/_package_myActionMsgActionFeedback.lisp
Symlinking /home/evil/catkin_ws/devel/share/common-lisp/ros/pkg_ros_actions/msg/_package_myActionMsgFeedback.lisp
Symlinking /home/evil/catkin_ws/devel/share/common-lisp/ros/pkg_ros_actions/msg/myActionMsgGoal.lisp
Symlinking /home/evil/catkin_ws/devel/share/common-lisp/ros/pkg_ros_actions/msg/_package_myActionMsgGoal.lisp
Symlinking /home/evil/catkin_ws/devel/share/common-lisp/ros/pkg_ros_actions/msg/_package.lisp
Symlinking /home/evil/catkin_ws/devel/share/common-lisp/ros/pkg_ros_actions/msg/pkg_ros_actions-msg.asd
Symlinking /home/evil/catkin_ws/devel/share/common-lisp/ros/pkg_ros_actions/msg/_package_myActionMsgAction.lisp
Symlinking /home/evil/catkin_ws/devel/share/common-lisp/ros/pkg_ros_actions/msg/_package_myActionMsgResult.lisp
Symlinking /home/evil/catkin_ws/devel/share/common-lisp/ros/pkg_ros_actions/msg/_package_myActionMsgActionGoal.lisp
Symlinking /home/evil/catkin_ws/devel/share/common-lisp/ros/pkg_ros_actions/msg/myActionMsgAction.lisp
Symlinking /home/evil/catkin_ws/devel/share/common-lisp/ros/pkg_ros_actions/msg/myActionMsgResult.lisp
Symlinking /home/evil/catkin_ws/devel/share/common-lisp/ros/pkg_ros_actions/msg/_package_myActionMsgActionResult.lisp
Symlinking /home/evil/catkin_ws/devel/share/common-lisp/ros/pkg_ros_actions/msg/myActionMsgActionGoal.lisp
Symlinking /home/evil/catkin_ws/devel/share/common-lisp/ros/pkg_ros_actions/msg/myActionMsgFeedback.lisp
Symlinking /home/evil/catkin_ws/devel/share/common-lisp/ros/pkg_ros_actions/msg/myActionMsgActionFeedback.lisp
Symlinking /home/evil/catkin_ws/devel/share/roseus/ros/pkg_ros_actions/manifest.l
Symlinking /home/evil/catkin_ws/devel/share/roseus/ros/pkg_ros_actions/msg/myActionMsgAction.l
Symlinking /home/evil/catkin_ws/devel/share/roseus/ros/pkg_ros_actions/msg/myActionMsgActionFeedback.l
Symlinking /home/evil/catkin_ws/devel/share/roseus/ros/pkg_ros_actions/msg/myActionMsgResult.l
Symlinking /home/evil/catkin_ws/devel/share/roseus/ros/pkg_ros_actions/msg/myActionMsgGoal.l
Symlinking /home/evil/catkin_ws/devel/share/roseus/ros/pkg_ros_actions/msg/myActionMsgFeedback.l
Symlinking /home/evil/catkin_ws/devel/share/roseus/ros/pkg_ros_actions/msg/myActionMsgActionResult.l
Symlinking /home/evil/catkin_ws/devel/share/roseus/ros/pkg_ros_actions/msg/myActionMsgActionGoal.l
Symlinking /home/evil/catkin_ws/devel/share/gennodejs/ros/pkg_ros_actions/_index.js
Symlinking /home/evil/catkin_ws/devel/share/gennodejs/ros/pkg_ros_actions/msg/myActionMsgActionGoal.js
Symlinking /home/evil/catkin_ws/devel/share/gennodejs/ros/pkg_ros_actions/msg/myActionMsgActionResult.js
Symlinking /home/evil/catkin_ws/devel/share/gennodejs/ros/pkg_ros_actions/msg/myActionMsgGoal.js
Symlinking /home/evil/catkin_ws/devel/share/gennodejs/ros/pkg_ros_actions/msg/myActionMsgFeedback.js
Symlinking /home/evil/catkin_ws/devel/share/gennodejs/ros/pkg_ros_actions/msg/myActionMsgActionFeedback.js
Symlinking /home/evil/catkin_ws/devel/share/gennodejs/ros/pkg_ros_actions/msg/_index.js
Symlinking /home/evil/catkin_ws/devel/share/gennodejs/ros/pkg_ros_actions/msg/myActionMsgAction.js
Symlinking /home/evil/catkin_ws/devel/share/gennodejs/ros/pkg_ros_actions/msg/myActionMsgResult.js
Symlinking /home/evil/catkin_ws/devel/lib/python2.7/dist-packages/pkg_ros_actions/__init__.py
Symlinking /home/evil/catkin_ws/devel/lib/python2.7/dist-packages/pkg_ros_actions/msg/_myActionMsgActionFeedback.py
Symlinking /home/evil/catkin_ws/devel/lib/python2.7/dist-packages/pkg_ros_actions/msg/_myActionMsgFeedback.py
Symlinking /home/evil/catkin_ws/devel/lib/python2.7/dist-packages/pkg_ros_actions/msg/_myActionMsgResult.py
Symlinking /home/evil/catkin_ws/devel/lib/python2.7/dist-packages/pkg_ros_actions/msg/_myActionMsgAction.py
Symlinking /home/evil/catkin_ws/devel/lib/python2.7/dist-packages/pkg_ros_actions/msg/_myActionMsgActionGoal.py
Symlinking /home/evil/catkin_ws/devel/lib/python2.7/dist-packages/pkg_ros_actions/msg/_myActionMsgActionResult.py
Symlinking /home/evil/catkin_ws/devel/lib/python2.7/dist-packages/pkg_ros_actions/msg/__init__.py
Symlinking /home/evil/catkin_ws/devel/lib/python2.7/dist-packages/pkg_ros_actions/msg/_myActionMsgGoal.py
Symlinking /home/evil/catkin_ws/devel/lib/pkgconfig/pkg_ros_actions.pc
