[  0%] Built target actionlib_msgs_generate_messages_lisp
[  0%] Built target std_msgs_generate_messages_lisp
[  0%] Built target _pkg_ros_actions_generate_messages_check_deps_myActionMsgActionFeedback
[  0%] Built target _pkg_ros_actions_generate_messages_check_deps_myActionMsgAction
[  0%] Built target _pkg_ros_actions_generate_messages_check_deps_myActionMsgActionGoal
[  0%] Built target _pkg_ros_actions_generate_messages_check_deps_myActionMsgActionResult
[  0%] Built target std_msgs_generate_messages_py
[  0%] Built target _pkg_ros_actions_generate_messages_check_deps_myActionMsgGoal
[  0%] Built target _pkg_ros_actions_generate_messages_check_deps_myActionMsgFeedback
[  0%] Built target actionlib_msgs_generate_messages_py
[  0%] Built target std_msgs_generate_messages_eus
[  0%] Built target actionlib_msgs_generate_messages_nodejs
[  0%] Built target actionlib_msgs_generate_messages_eus
[  0%] Built target std_msgs_generate_messages_nodejs
[  0%] Built target actionlib_msgs_generate_messages_cpp
[  0%] Built target _pkg_ros_actions_generate_messages_check_deps_myActionMsgResult
[  0%] Built target std_msgs_generate_messages_cpp
[ 29%] Built target pkg_ros_actions_generate_messages_lisp
[ 48%] Built target pkg_ros_actions_generate_messages_nodejs
[ 59%] Built target pkg_ros_actions_generate_messages_eus
[ 81%] Built target pkg_ros_actions_generate_messages_py
[100%] Built target pkg_ros_actions_generate_messages_cpp
[100%] Built target pkg_ros_actions_generate_messages
