Linked: (/home/evil/catkin_ws/devel/.private/pkg_task1/include/pkg_task1/msgTurtleFeedback.h, /home/evil/catkin_ws/devel/include/pkg_task1/msgTurtleFeedback.h)
Linked: (/home/evil/catkin_ws/devel/.private/pkg_task1/include/pkg_task1/msgTurtleActionGoal.h, /home/evil/catkin_ws/devel/include/pkg_task1/msgTurtleActionGoal.h)
Linked: (/home/evil/catkin_ws/devel/.private/pkg_task1/include/pkg_task1/msgTurtleActionFeedback.h, /home/evil/catkin_ws/devel/include/pkg_task1/msgTurtleActionFeedback.h)
Linked: (/home/evil/catkin_ws/devel/.private/pkg_task1/include/pkg_task1/msgTurtleResult.h, /home/evil/catkin_ws/devel/include/pkg_task1/msgTurtleResult.h)
Linked: (/home/evil/catkin_ws/devel/.private/pkg_task1/include/pkg_task1/msgTurtleActionResult.h, /home/evil/catkin_ws/devel/include/pkg_task1/msgTurtleActionResult.h)
Linked: (/home/evil/catkin_ws/devel/.private/pkg_task1/include/pkg_task1/msgTurtleGoal.h, /home/evil/catkin_ws/devel/include/pkg_task1/msgTurtleGoal.h)
Linked: (/home/evil/catkin_ws/devel/.private/pkg_task1/include/pkg_task1/msgTurtleAction.h, /home/evil/catkin_ws/devel/include/pkg_task1/msgTurtleAction.h)
Linked: (/home/evil/catkin_ws/devel/.private/pkg_task1/share/common-lisp/ros/pkg_task1/msg/msgTurtleActionFeedback.lisp, /home/evil/catkin_ws/devel/share/common-lisp/ros/pkg_task1/msg/msgTurtleActionFeedback.lisp)
Linked: (/home/evil/catkin_ws/devel/.private/pkg_task1/share/common-lisp/ros/pkg_task1/msg/msgTurtleFeedback.lisp, /home/evil/catkin_ws/devel/share/common-lisp/ros/pkg_task1/msg/msgTurtleFeedback.lisp)
Linked: (/home/evil/catkin_ws/devel/.private/pkg_task1/share/common-lisp/ros/pkg_task1/msg/_package_msgTurtleResult.lisp, /home/evil/catkin_ws/devel/share/common-lisp/ros/pkg_task1/msg/_package_msgTurtleResult.lisp)
Linked: (/home/evil/catkin_ws/devel/.private/pkg_task1/share/common-lisp/ros/pkg_task1/msg/_package_msgTurtleActionFeedback.lisp, /home/evil/catkin_ws/devel/share/common-lisp/ros/pkg_task1/msg/_package_msgTurtleActionFeedback.lisp)
Linked: (/home/evil/catkin_ws/devel/.private/pkg_task1/share/common-lisp/ros/pkg_task1/msg/_package_msgTurtleFeedback.lisp, /home/evil/catkin_ws/devel/share/common-lisp/ros/pkg_task1/msg/_package_msgTurtleFeedback.lisp)
Linked: (/home/evil/catkin_ws/devel/.private/pkg_task1/share/common-lisp/ros/pkg_task1/msg/msgTurtleActionGoal.lisp, /home/evil/catkin_ws/devel/share/common-lisp/ros/pkg_task1/msg/msgTurtleActionGoal.lisp)
Linked: (/home/evil/catkin_ws/devel/.private/pkg_task1/share/common-lisp/ros/pkg_task1/msg/_package_msgTurtleAction.lisp, /home/evil/catkin_ws/devel/share/common-lisp/ros/pkg_task1/msg/_package_msgTurtleAction.lisp)
Linked: (/home/evil/catkin_ws/devel/.private/pkg_task1/share/common-lisp/ros/pkg_task1/msg/msgTurtleActionResult.lisp, /home/evil/catkin_ws/devel/share/common-lisp/ros/pkg_task1/msg/msgTurtleActionResult.lisp)
Linked: (/home/evil/catkin_ws/devel/.private/pkg_task1/share/common-lisp/ros/pkg_task1/msg/_package.lisp, /home/evil/catkin_ws/devel/share/common-lisp/ros/pkg_task1/msg/_package.lisp)
Linked: (/home/evil/catkin_ws/devel/.private/pkg_task1/share/common-lisp/ros/pkg_task1/msg/msgTurtleGoal.lisp, /home/evil/catkin_ws/devel/share/common-lisp/ros/pkg_task1/msg/msgTurtleGoal.lisp)
Linked: (/home/evil/catkin_ws/devel/.private/pkg_task1/share/common-lisp/ros/pkg_task1/msg/msgTurtleAction.lisp, /home/evil/catkin_ws/devel/share/common-lisp/ros/pkg_task1/msg/msgTurtleAction.lisp)
Linked: (/home/evil/catkin_ws/devel/.private/pkg_task1/share/common-lisp/ros/pkg_task1/msg/_package_msgTurtleActionGoal.lisp, /home/evil/catkin_ws/devel/share/common-lisp/ros/pkg_task1/msg/_package_msgTurtleActionGoal.lisp)
Linked: (/home/evil/catkin_ws/devel/.private/pkg_task1/share/common-lisp/ros/pkg_task1/msg/pkg_task1-msg.asd, /home/evil/catkin_ws/devel/share/common-lisp/ros/pkg_task1/msg/pkg_task1-msg.asd)
Linked: (/home/evil/catkin_ws/devel/.private/pkg_task1/share/common-lisp/ros/pkg_task1/msg/_package_msgTurtleActionResult.lisp, /home/evil/catkin_ws/devel/share/common-lisp/ros/pkg_task1/msg/_package_msgTurtleActionResult.lisp)
Linked: (/home/evil/catkin_ws/devel/.private/pkg_task1/share/common-lisp/ros/pkg_task1/msg/msgTurtleResult.lisp, /home/evil/catkin_ws/devel/share/common-lisp/ros/pkg_task1/msg/msgTurtleResult.lisp)
Linked: (/home/evil/catkin_ws/devel/.private/pkg_task1/share/common-lisp/ros/pkg_task1/msg/_package_msgTurtleGoal.lisp, /home/evil/catkin_ws/devel/share/common-lisp/ros/pkg_task1/msg/_package_msgTurtleGoal.lisp)
Linked: (/home/evil/catkin_ws/devel/.private/pkg_task1/share/pkg_task1/msg/msgTurtleAction.msg, /home/evil/catkin_ws/devel/share/pkg_task1/msg/msgTurtleAction.msg)
Linked: (/home/evil/catkin_ws/devel/.private/pkg_task1/share/pkg_task1/msg/msgTurtleGoal.msg, /home/evil/catkin_ws/devel/share/pkg_task1/msg/msgTurtleGoal.msg)
Linked: (/home/evil/catkin_ws/devel/.private/pkg_task1/share/pkg_task1/msg/msgTurtleActionGoal.msg, /home/evil/catkin_ws/devel/share/pkg_task1/msg/msgTurtleActionGoal.msg)
Linked: (/home/evil/catkin_ws/devel/.private/pkg_task1/share/pkg_task1/msg/msgTurtleFeedback.msg, /home/evil/catkin_ws/devel/share/pkg_task1/msg/msgTurtleFeedback.msg)
Linked: (/home/evil/catkin_ws/devel/.private/pkg_task1/share/pkg_task1/msg/msgTurtleActionFeedback.msg, /home/evil/catkin_ws/devel/share/pkg_task1/msg/msgTurtleActionFeedback.msg)
Linked: (/home/evil/catkin_ws/devel/.private/pkg_task1/share/pkg_task1/msg/msgTurtleActionResult.msg, /home/evil/catkin_ws/devel/share/pkg_task1/msg/msgTurtleActionResult.msg)
Linked: (/home/evil/catkin_ws/devel/.private/pkg_task1/share/pkg_task1/msg/msgTurtleResult.msg, /home/evil/catkin_ws/devel/share/pkg_task1/msg/msgTurtleResult.msg)
Linked: (/home/evil/catkin_ws/devel/.private/pkg_task1/share/pkg_task1/cmake/pkg_task1-msg-extras.cmake, /home/evil/catkin_ws/devel/share/pkg_task1/cmake/pkg_task1-msg-extras.cmake)
Linked: (/home/evil/catkin_ws/devel/.private/pkg_task1/share/pkg_task1/cmake/pkg_task1-msg-paths.cmake, /home/evil/catkin_ws/devel/share/pkg_task1/cmake/pkg_task1-msg-paths.cmake)
Linked: (/home/evil/catkin_ws/devel/.private/pkg_task1/share/pkg_task1/cmake/pkg_task1Config.cmake, /home/evil/catkin_ws/devel/share/pkg_task1/cmake/pkg_task1Config.cmake)
Linked: (/home/evil/catkin_ws/devel/.private/pkg_task1/share/pkg_task1/cmake/pkg_task1Config-version.cmake, /home/evil/catkin_ws/devel/share/pkg_task1/cmake/pkg_task1Config-version.cmake)
Linked: (/home/evil/catkin_ws/devel/.private/pkg_task1/share/roseus/ros/pkg_task1/manifest.l, /home/evil/catkin_ws/devel/share/roseus/ros/pkg_task1/manifest.l)
Linked: (/home/evil/catkin_ws/devel/.private/pkg_task1/share/roseus/ros/pkg_task1/msg/msgTurtleAction.l, /home/evil/catkin_ws/devel/share/roseus/ros/pkg_task1/msg/msgTurtleAction.l)
Linked: (/home/evil/catkin_ws/devel/.private/pkg_task1/share/roseus/ros/pkg_task1/msg/msgTurtleFeedback.l, /home/evil/catkin_ws/devel/share/roseus/ros/pkg_task1/msg/msgTurtleFeedback.l)
Linked: (/home/evil/catkin_ws/devel/.private/pkg_task1/share/roseus/ros/pkg_task1/msg/msgTurtleActionResult.l, /home/evil/catkin_ws/devel/share/roseus/ros/pkg_task1/msg/msgTurtleActionResult.l)
Linked: (/home/evil/catkin_ws/devel/.private/pkg_task1/share/roseus/ros/pkg_task1/msg/msgTurtleGoal.l, /home/evil/catkin_ws/devel/share/roseus/ros/pkg_task1/msg/msgTurtleGoal.l)
Linked: (/home/evil/catkin_ws/devel/.private/pkg_task1/share/roseus/ros/pkg_task1/msg/msgTurtleActionFeedback.l, /home/evil/catkin_ws/devel/share/roseus/ros/pkg_task1/msg/msgTurtleActionFeedback.l)
Linked: (/home/evil/catkin_ws/devel/.private/pkg_task1/share/roseus/ros/pkg_task1/msg/msgTurtleActionGoal.l, /home/evil/catkin_ws/devel/share/roseus/ros/pkg_task1/msg/msgTurtleActionGoal.l)
Linked: (/home/evil/catkin_ws/devel/.private/pkg_task1/share/roseus/ros/pkg_task1/msg/msgTurtleResult.l, /home/evil/catkin_ws/devel/share/roseus/ros/pkg_task1/msg/msgTurtleResult.l)
Linked: (/home/evil/catkin_ws/devel/.private/pkg_task1/share/gennodejs/ros/pkg_task1/_index.js, /home/evil/catkin_ws/devel/share/gennodejs/ros/pkg_task1/_index.js)
Linked: (/home/evil/catkin_ws/devel/.private/pkg_task1/share/gennodejs/ros/pkg_task1/msg/msgTurtleActionResult.js, /home/evil/catkin_ws/devel/share/gennodejs/ros/pkg_task1/msg/msgTurtleActionResult.js)
Linked: (/home/evil/catkin_ws/devel/.private/pkg_task1/share/gennodejs/ros/pkg_task1/msg/msgTurtleActionFeedback.js, /home/evil/catkin_ws/devel/share/gennodejs/ros/pkg_task1/msg/msgTurtleActionFeedback.js)
Linked: (/home/evil/catkin_ws/devel/.private/pkg_task1/share/gennodejs/ros/pkg_task1/msg/msgTurtleFeedback.js, /home/evil/catkin_ws/devel/share/gennodejs/ros/pkg_task1/msg/msgTurtleFeedback.js)
Linked: (/home/evil/catkin_ws/devel/.private/pkg_task1/share/gennodejs/ros/pkg_task1/msg/msgTurtleResult.js, /home/evil/catkin_ws/devel/share/gennodejs/ros/pkg_task1/msg/msgTurtleResult.js)
Linked: (/home/evil/catkin_ws/devel/.private/pkg_task1/share/gennodejs/ros/pkg_task1/msg/_index.js, /home/evil/catkin_ws/devel/share/gennodejs/ros/pkg_task1/msg/_index.js)
Linked: (/home/evil/catkin_ws/devel/.private/pkg_task1/share/gennodejs/ros/pkg_task1/msg/msgTurtleAction.js, /home/evil/catkin_ws/devel/share/gennodejs/ros/pkg_task1/msg/msgTurtleAction.js)
Linked: (/home/evil/catkin_ws/devel/.private/pkg_task1/share/gennodejs/ros/pkg_task1/msg/msgTurtleActionGoal.js, /home/evil/catkin_ws/devel/share/gennodejs/ros/pkg_task1/msg/msgTurtleActionGoal.js)
Linked: (/home/evil/catkin_ws/devel/.private/pkg_task1/share/gennodejs/ros/pkg_task1/msg/msgTurtleGoal.js, /home/evil/catkin_ws/devel/share/gennodejs/ros/pkg_task1/msg/msgTurtleGoal.js)
Linked: (/home/evil/catkin_ws/devel/.private/pkg_task1/lib/python2.7/dist-packages/pkg_task1/__init__.py, /home/evil/catkin_ws/devel/lib/python2.7/dist-packages/pkg_task1/__init__.py)
Linked: (/home/evil/catkin_ws/devel/.private/pkg_task1/lib/python2.7/dist-packages/pkg_task1/msg/_msgTurtleActionFeedback.py, /home/evil/catkin_ws/devel/lib/python2.7/dist-packages/pkg_task1/msg/_msgTurtleActionFeedback.py)
Linked: (/home/evil/catkin_ws/devel/.private/pkg_task1/lib/python2.7/dist-packages/pkg_task1/msg/_msgTurtleActionGoal.py, /home/evil/catkin_ws/devel/lib/python2.7/dist-packages/pkg_task1/msg/_msgTurtleActionGoal.py)
Linked: (/home/evil/catkin_ws/devel/.private/pkg_task1/lib/python2.7/dist-packages/pkg_task1/msg/_msgTurtleFeedback.py, /home/evil/catkin_ws/devel/lib/python2.7/dist-packages/pkg_task1/msg/_msgTurtleFeedback.py)
Linked: (/home/evil/catkin_ws/devel/.private/pkg_task1/lib/python2.7/dist-packages/pkg_task1/msg/_msgTurtleActionResult.py, /home/evil/catkin_ws/devel/lib/python2.7/dist-packages/pkg_task1/msg/_msgTurtleActionResult.py)
Linked: (/home/evil/catkin_ws/devel/.private/pkg_task1/lib/python2.7/dist-packages/pkg_task1/msg/_msgTurtleAction.py, /home/evil/catkin_ws/devel/lib/python2.7/dist-packages/pkg_task1/msg/_msgTurtleAction.py)
Linked: (/home/evil/catkin_ws/devel/.private/pkg_task1/lib/python2.7/dist-packages/pkg_task1/msg/__init__.py, /home/evil/catkin_ws/devel/lib/python2.7/dist-packages/pkg_task1/msg/__init__.py)
Linked: (/home/evil/catkin_ws/devel/.private/pkg_task1/lib/python2.7/dist-packages/pkg_task1/msg/_msgTurtleResult.py, /home/evil/catkin_ws/devel/lib/python2.7/dist-packages/pkg_task1/msg/_msgTurtleResult.py)
Linked: (/home/evil/catkin_ws/devel/.private/pkg_task1/lib/python2.7/dist-packages/pkg_task1/msg/_msgTurtleGoal.py, /home/evil/catkin_ws/devel/lib/python2.7/dist-packages/pkg_task1/msg/_msgTurtleGoal.py)
Linked: (/home/evil/catkin_ws/devel/.private/pkg_task1/lib/pkgconfig/pkg_task1.pc, /home/evil/catkin_ws/devel/lib/pkgconfig/pkg_task1.pc)
