Determining if the pthread_create exist failed with the following output:
Change Dir: /home/evil/catkin_ws/build/pkg_ros_iot_bridge/CMakeFiles/CMakeTmp

Run Build Command:"/usr/bin/make" "cmTC_fe3c0/fast"
/usr/bin/make -f CMakeFiles/cmTC_fe3c0.dir/build.make CMakeFiles/cmTC_fe3c0.dir/build
make[1]: Entering directory '/home/evil/catkin_ws/build/pkg_ros_iot_bridge/CMakeFiles/CMakeTmp'
Building C object CMakeFiles/cmTC_fe3c0.dir/CheckSymbolExists.c.o
/usr/bin/cc    -o CMakeFiles/cmTC_fe3c0.dir/CheckSymbolExists.c.o   -c /home/evil/catkin_ws/build/pkg_ros_iot_bridge/CMakeFiles/CMakeTmp/CheckSymbolExists.c
Linking C executable cmTC_fe3c0
/usr/bin/cmake -E cmake_link_script CMakeFiles/cmTC_fe3c0.dir/link.txt --verbose=1
/usr/bin/cc      -rdynamic CMakeFiles/cmTC_fe3c0.dir/CheckSymbolExists.c.o  -o cmTC_fe3c0 
CMakeFiles/cmTC_fe3c0.dir/CheckSymbolExists.c.o: In function `main':
CheckSymbolExists.c:(.text+0x1b): undefined reference to `pthread_create'
collect2: error: ld returned 1 exit status
CMakeFiles/cmTC_fe3c0.dir/build.make:97: recipe for target 'cmTC_fe3c0' failed
make[1]: *** [cmTC_fe3c0] Error 1
make[1]: Leaving directory '/home/evil/catkin_ws/build/pkg_ros_iot_bridge/CMakeFiles/CMakeTmp'
Makefile:126: recipe for target 'cmTC_fe3c0/fast' failed
make: *** [cmTC_fe3c0/fast] Error 2

File /home/evil/catkin_ws/build/pkg_ros_iot_bridge/CMakeFiles/CMakeTmp/CheckSymbolExists.c:
/* */
#include <pthread.h>

int main(int argc, char** argv)
{
  (void)argv;
#ifndef pthread_create
  return ((int*)(&pthread_create))[argc];
#else
  (void)argc;
  return 0;
#endif
}

Determining if the function pthread_create exists in the pthreads failed with the following output:
Change Dir: /home/evil/catkin_ws/build/pkg_ros_iot_bridge/CMakeFiles/CMakeTmp

Run Build Command:"/usr/bin/make" "cmTC_738be/fast"
/usr/bin/make -f CMakeFiles/cmTC_738be.dir/build.make CMakeFiles/cmTC_738be.dir/build
make[1]: Entering directory '/home/evil/catkin_ws/build/pkg_ros_iot_bridge/CMakeFiles/CMakeTmp'
Building C object CMakeFiles/cmTC_738be.dir/CheckFunctionExists.c.o
/usr/bin/cc   -DCHECK_FUNCTION_EXISTS=pthread_create   -o CMakeFiles/cmTC_738be.dir/CheckFunctionExists.c.o   -c /usr/share/cmake-3.10/Modules/CheckFunctionExists.c
Linking C executable cmTC_738be
/usr/bin/cmake -E cmake_link_script CMakeFiles/cmTC_738be.dir/link.txt --verbose=1
/usr/bin/cc  -DCHECK_FUNCTION_EXISTS=pthread_create    -rdynamic CMakeFiles/cmTC_738be.dir/CheckFunctionExists.c.o  -o cmTC_738be -lpthreads 
/usr/bin/ld: cannot find -lpthreads
collect2: error: ld returned 1 exit status
CMakeFiles/cmTC_738be.dir/build.make:97: recipe for target 'cmTC_738be' failed
make[1]: *** [cmTC_738be] Error 1
make[1]: Leaving directory '/home/evil/catkin_ws/build/pkg_ros_iot_bridge/CMakeFiles/CMakeTmp'
Makefile:126: recipe for target 'cmTC_738be/fast' failed
make: *** [cmTC_738be/fast] Error 2


